<?xml version="1.0" encoding="UTF-8"?>
<testng-results ignored="0" total="4" passed="4" failed="0" skipped="0">
  <reporter-output>
  </reporter-output>
  <suite started-at="2019-10-21T14:11:22Z" name="Default suite" finished-at="2019-10-21T14:11:23Z" duration-ms="1102">
    <groups>
      <group name="cucumber">
        <method signature="AbstractTestNGCucumberTests.runScenario(cucumber.api.testng.PickleEventWrapper, cucumber.api.testng.CucumberFeatureWrapper)[pri:0, instance:Runners.TestRunner@6ab7a896]" name="runScenario" class="cucumber.api.testng.AbstractTestNGCucumberTests"/>
      </group> <!-- cucumber -->
    </groups>
    <test started-at="2019-10-21T14:11:22Z" name="Default test" finished-at="2019-10-21T14:11:23Z" duration-ms="1102">
      <class name="Runners.TestRunner">
        <test-method is-config="true" signature="setUpClass()[pri:0, instance:Runners.TestRunner@6ab7a896]" started-at="2019-10-21T14:11:22Z" name="setUpClass" finished-at="2019-10-21T14:11:22Z" duration-ms="404" status="PASS">
          <reporter-output>
          </reporter-output>
        </test-method> <!-- setUpClass -->
        <test-method signature="runScenario(cucumber.api.testng.PickleEventWrapper, cucumber.api.testng.CucumberFeatureWrapper)[pri:0, instance:Runners.TestRunner@6ab7a896]" started-at="2019-10-21T14:11:22Z" name="runScenario" description="Runs Cucumber Scenarios" data-provider="scenarios" finished-at="2019-10-21T14:11:23Z" duration-ms="360" status="PASS">
          <params>
            <param index="0">
              <value>
                <![CDATA["Matching the sentences and extracting the different words"]]>
              </value>
            </param>
            <param index="1">
              <value>
                <![CDATA["Matching the sentences"]]>
              </value>
            </param>
          </params>
          <reporter-output>
          </reporter-output>
        </test-method> <!-- runScenario -->
        <test-method signature="runScenario(cucumber.api.testng.PickleEventWrapper, cucumber.api.testng.CucumberFeatureWrapper)[pri:0, instance:Runners.TestRunner@6ab7a896]" started-at="2019-10-21T14:11:23Z" name="runScenario" description="Runs Cucumber Scenarios" data-provider="scenarios" finished-at="2019-10-21T14:11:23Z" duration-ms="2" status="PASS">
          <params>
            <param index="0">
              <value>
                <![CDATA["Matching the sentences and extracting the different words"]]>
              </value>
            </param>
            <param index="1">
              <value>
                <![CDATA["Matching the sentences"]]>
              </value>
            </param>
          </params>
          <reporter-output>
          </reporter-output>
        </test-method> <!-- runScenario -->
        <test-method signature="runScenario(cucumber.api.testng.PickleEventWrapper, cucumber.api.testng.CucumberFeatureWrapper)[pri:0, instance:Runners.TestRunner@6ab7a896]" started-at="2019-10-21T14:11:23Z" name="runScenario" description="Runs Cucumber Scenarios" data-provider="scenarios" finished-at="2019-10-21T14:11:23Z" duration-ms="4" status="PASS">
          <params>
            <param index="0">
              <value>
                <![CDATA["Matching the sentences and extracting the different words"]]>
              </value>
            </param>
            <param index="1">
              <value>
                <![CDATA["Matching the sentences"]]>
              </value>
            </param>
          </params>
          <reporter-output>
          </reporter-output>
        </test-method> <!-- runScenario -->
        <test-method signature="runScenario(cucumber.api.testng.PickleEventWrapper, cucumber.api.testng.CucumberFeatureWrapper)[pri:0, instance:Runners.TestRunner@6ab7a896]" started-at="2019-10-21T14:11:23Z" name="runScenario" description="Runs Cucumber Scenarios" data-provider="scenarios" finished-at="2019-10-21T14:11:23Z" duration-ms="3" status="PASS">
          <params>
            <param index="0">
              <value>
                <![CDATA["Matching the sentences and extracting the different words"]]>
              </value>
            </param>
            <param index="1">
              <value>
                <![CDATA["Matching the sentences"]]>
              </value>
            </param>
          </params>
          <reporter-output>
          </reporter-output>
        </test-method> <!-- runScenario -->
        <test-method is-config="true" signature="tearDownClass()[pri:0, instance:Runners.TestRunner@6ab7a896]" started-at="2019-10-21T14:11:23Z" name="tearDownClass" finished-at="2019-10-21T14:11:23Z" duration-ms="180" status="PASS">
          <reporter-output>
          </reporter-output>
        </test-method> <!-- tearDownClass -->
      </class> <!-- Runners.TestRunner -->
    </test> <!-- Default test -->
  </suite> <!-- Default suite -->
</testng-results>
