<?xml version="1.0" encoding="UTF-8"?>
<testng-results skipped="0" failed="0" ignored="0" total="4" passed="4">
  <reporter-output>
  </reporter-output>
  <suite name="Runners.TestRunner" duration-ms="640" started-at="2019-10-21T07:31:06Z" finished-at="2019-10-21T07:31:07Z">
    <groups>
      <group name="cucumber">
        <method signature="AbstractTestNGCucumberTests.runScenario(cucumber.api.testng.PickleEventWrapper, cucumber.api.testng.CucumberFeatureWrapper)[pri:0, instance:Runners.TestRunner@13969fbe]" name="runScenario" class="cucumber.api.testng.AbstractTestNGCucumberTests"/>
      </group> <!-- cucumber -->
    </groups>
    <test name="Command line test" duration-ms="640" started-at="2019-10-21T07:31:06Z" finished-at="2019-10-21T07:31:07Z">
      <class name="Runners.TestRunner">
        <test-method status="PASS" signature="setUpClass()[pri:0, instance:Runners.TestRunner@13969fbe]" name="setUpClass" is-config="true" duration-ms="164" started-at="2019-10-21T07:31:06Z" finished-at="2019-10-21T07:31:06Z">
          <reporter-output>
          </reporter-output>
        </test-method> <!-- setUpClass -->
        <test-method status="PASS" signature="runScenario(cucumber.api.testng.PickleEventWrapper, cucumber.api.testng.CucumberFeatureWrapper)[pri:0, instance:Runners.TestRunner@13969fbe]" name="runScenario" duration-ms="124" started-at="2019-10-21T07:31:07Z" description="Runs Cucumber Scenarios" data-provider="scenarios" finished-at="2019-10-21T07:31:07Z">
          <params>
            <param index="0">
              <value>
                <![CDATA["Matching the sentences and extracting the different words"]]>
              </value>
            </param>
            <param index="1">
              <value>
                <![CDATA["Matching the sentences"]]>
              </value>
            </param>
          </params>
          <reporter-output>
          </reporter-output>
        </test-method> <!-- runScenario -->
        <test-method status="PASS" signature="runScenario(cucumber.api.testng.PickleEventWrapper, cucumber.api.testng.CucumberFeatureWrapper)[pri:0, instance:Runners.TestRunner@13969fbe]" name="runScenario" duration-ms="2" started-at="2019-10-21T07:31:07Z" description="Runs Cucumber Scenarios" data-provider="scenarios" finished-at="2019-10-21T07:31:07Z">
          <params>
            <param index="0">
              <value>
                <![CDATA["Matching the sentences and extracting the different words"]]>
              </value>
            </param>
            <param index="1">
              <value>
                <![CDATA["Matching the sentences"]]>
              </value>
            </param>
          </params>
          <reporter-output>
          </reporter-output>
        </test-method> <!-- runScenario -->
        <test-method status="PASS" signature="runScenario(cucumber.api.testng.PickleEventWrapper, cucumber.api.testng.CucumberFeatureWrapper)[pri:0, instance:Runners.TestRunner@13969fbe]" name="runScenario" duration-ms="1" started-at="2019-10-21T07:31:07Z" description="Runs Cucumber Scenarios" data-provider="scenarios" finished-at="2019-10-21T07:31:07Z">
          <params>
            <param index="0">
              <value>
                <![CDATA["Matching the sentences and extracting the different words"]]>
              </value>
            </param>
            <param index="1">
              <value>
                <![CDATA["Matching the sentences"]]>
              </value>
            </param>
          </params>
          <reporter-output>
          </reporter-output>
        </test-method> <!-- runScenario -->
        <test-method status="PASS" signature="runScenario(cucumber.api.testng.PickleEventWrapper, cucumber.api.testng.CucumberFeatureWrapper)[pri:0, instance:Runners.TestRunner@13969fbe]" name="runScenario" duration-ms="1" started-at="2019-10-21T07:31:07Z" description="Runs Cucumber Scenarios" data-provider="scenarios" finished-at="2019-10-21T07:31:07Z">
          <params>
            <param index="0">
              <value>
                <![CDATA["Matching the sentences and extracting the different words"]]>
              </value>
            </param>
            <param index="1">
              <value>
                <![CDATA["Matching the sentences"]]>
              </value>
            </param>
          </params>
          <reporter-output>
          </reporter-output>
        </test-method> <!-- runScenario -->
        <test-method status="PASS" signature="tearDownClass()[pri:0, instance:Runners.TestRunner@13969fbe]" name="tearDownClass" is-config="true" duration-ms="308" started-at="2019-10-21T07:31:07Z" finished-at="2019-10-21T07:31:07Z">
          <reporter-output>
          </reporter-output>
        </test-method> <!-- tearDownClass -->
      </class> <!-- Runners.TestRunner -->
    </test> <!-- Command line test -->
  </suite> <!-- Runners.TestRunner -->
</testng-results>
